2025-11-29 00:38:04,649 - INFO - Todas las mesas mostradas
2025-11-29 00:38:10,460 - INFO - Los pedidos de delivery a confirmar se muestran correctamente
2025-11-29 00:38:11,598 - INFO - Los pedidos de delivery a confirmar se muestran correctamente
2025-11-29 00:38:46,883 - INFO - Los pedidos de delivery a confirmar se muestran correctamente
2025-11-29 00:38:49,488 - INFO - Se han obtenido las estadisticas de hoy de delivery
2025-11-29 00:38:49,668 - INFO - Los pedidos son listados correctamente
2025-11-29 00:38:50,299 - INFO - Se han obtenido las estadisticas de hoy de delivery
2025-11-29 00:38:50,469 - INFO - Los pedidos son listados correctamente
2025-11-29 00:38:51,269 - INFO - Los pedidos son listados correctamente
2025-11-29 00:38:52,074 - INFO - Los pedidos son listados correctamente
2025-11-29 00:38:52,718 - INFO - Los pedidos son listados correctamente
2025-11-29 00:38:53,518 - INFO - Los pedidos son listados correctamente
2025-11-29 00:38:54,668 - INFO - Los pedidos de delivery a confirmar se muestran correctamente
2025-11-29 00:38:54,814 - INFO - Los pedidos son listados correctamente
2025-11-29 00:38:55,620 - INFO - Los pedidos son listados correctamente
2025-11-29 00:38:55,792 - INFO - Los pedidos de delivery a confirmar se muestran correctamente
2025-11-29 00:38:56,427 - INFO - Los pedidos son listados correctamente
2025-11-29 00:38:57,231 - INFO - Los pedidos son listados correctamente
2025-11-29 00:38:57,875 - INFO - Los pedidos son listados correctamente
2025-11-29 00:38:58,688 - INFO - Los pedidos son listados correctamente
2025-11-29 00:39:00,012 - INFO - Todas las mesas mostradas
2025-11-29 00:39:00,499 - INFO - Todas las mesas mostradas
2025-11-29 00:39:01,260 - INFO - Todas las categorías son mostradas
2025-11-29 00:39:01,743 - INFO - Todas las categorías son mostradas
2025-11-29 00:39:02,077 - INFO - Los productos han sido mostrados correctamente
2025-11-29 00:39:02,890 - INFO - Los productos han sido mostrados correctamente
2025-11-29 00:39:16,306 - INFO - Los productos han sido mostrados correctamente
2025-11-29 00:39:17,122 - INFO - Los productos han sido mostrados correctamente
2025-11-29 00:39:17,128 - INFO - Todos los ingredientes han sido listados
2025-11-29 00:39:19,741 - INFO - Todos los ingredientes han sido listados
2025-11-29 00:39:25,225 - INFO - El inventario se ha mostrado por completo
2025-11-29 00:39:25,715 - INFO - El inventario se ha mostrado por completo
2025-11-29 00:39:26,364 - INFO - Se ha obtenido todo el historial de pago
2025-11-29 00:39:26,848 - INFO - Se ha obtenido todo el historial de pago
2025-11-29 00:39:27,841 - INFO - Se obtuvo ticket promedio correctamente
2025-11-29 00:39:28,326 - INFO - Se obtuvo ticket promedio correctamente
2025-11-29 00:39:29,205 - INFO - Se obtuvieron los datos de las ventas mensuales
2025-11-29 00:39:29,207 - INFO - Se obtuvieron los 5 platillos más vendidos del mes
2025-11-29 00:39:29,692 - INFO - Se obtuvieron los datos de las ventas mensuales
2025-11-29 00:39:29,695 - INFO - Se obtuvieron los 5 platillos más vendidos del mes
2025-11-29 00:41:21,776 - INFO - Se ha obtenido todo el historial de pago
2025-11-29 00:41:22,263 - INFO - Se ha obtenido todo el historial de pago
2025-11-29 00:41:53,180 - INFO - Se obtuvo ticket promedio correctamente
2025-11-29 00:41:53,537 - INFO - Se obtuvieron los datos de las ventas mensuales
2025-11-29 00:41:53,539 - INFO - Se obtuvieron los 5 platillos más vendidos del mes
2025-11-29 00:41:53,688 - INFO - Se obtuvo ticket promedio correctamente
2025-11-29 00:41:54,035 - INFO - Se obtuvieron los 5 platillos más vendidos del mes
2025-11-29 00:41:54,038 - INFO - Se obtuvieron los datos de las ventas mensuales
2025-11-29 00:42:58,188 - INFO - Las mesas disponibles han sido mostradas
2025-11-29 00:42:58,190 - INFO - Platillos existentes para el pedido
2025-11-29 00:42:58,580 - INFO - Todas las mesas mostradas
2025-11-29 00:42:58,681 - INFO - Platillos existentes para el pedido
2025-11-29 00:42:58,681 - INFO - Las mesas disponibles han sido mostradas
2025-11-29 00:42:59,066 - INFO - Todas las mesas mostradas
2025-11-29 00:43:00,122 - INFO - Todas las mesas mostradas
2025-11-29 00:43:00,605 - INFO - Todas las mesas mostradas
2025-11-29 00:43:07,047 - INFO - Los pedidos son mostrados de forma correcta
2025-11-29 00:43:08,866 - INFO - Los pedidos son mostrados de forma correcta
2025-11-29 00:43:35,823 - INFO - El inventario se ha mostrado por completo
2025-11-29 00:43:36,326 - INFO - El inventario se ha mostrado por completo
